# JRE version: Java(TM) SE Runtime Environment (7.0_80-b15) (build 1.7.0_80-b15)
# Java VM: Java HotSpot(TM) 64-Bit Server VM (24.80-b11 mixed mode linux-amd64 compressed oops)
Heap
 PSYoungGen      total 66048K, used 34202K [0x00000000ebe80000, 0x00000000f4b80000, 0x0000000100000000)
  eden space 63488K, 49% used [0x00000000ebe80000,0x00000000edd66840,0x00000000efc80000)
  from space 2560K, 100% used [0x00000000efc80000,0x00000000eff00000,0x00000000eff00000)
  to   space 24064K, 0% used [0x00000000f3400000,0x00000000f3400000,0x00000000f4b80000)
 ParOldGen       total 61952K, used 35763K [0x00000000c3c00000, 0x00000000c7880000, 0x00000000ebe80000)
  object space 61952K, 57% used [0x00000000c3c00000,0x00000000c5eecde0,0x00000000c7880000)
 PSPermGen       total 34816K, used 21282K [0x00000000bea00000, 0x00000000c0c00000, 0x00000000c3c00000)
  object space 34816K, 61% used [0x00000000bea00000,0x00000000bfec8b08,0x00000000c0c00000)
GC Heap History (10 events):
Event: 2.606 GC heap before
{Heap before GC invocations=2 (full 0):
 PSYoungGen      total 18432K, used 16916K [0x00000000ebe80000, 0x00000000ee280000, 0x0000000100000000)
  eden space 15872K, 90% used [0x00000000ebe80000,0x00000000ecc877e0,0x00000000ece00000)
  from space 2560K, 99% used [0x00000000ece00000,0x00000000ed07d830,0x00000000ed080000)
  to   space 2560K, 0% used [0x00000000ee000000,0x00000000ee000000,0x00000000ee280000)
 ParOldGen       total 40960K, used 1706K [0x00000000c3c00000, 0x00000000c6400000, 0x00000000ebe80000)
  object space 40960K, 4% used [0x00000000c3c00000,0x00000000c3daa948,0x00000000c6400000)
 PSPermGen       total 21504K, used 17233K [0x00000000bea00000, 0x00000000bff00000, 0x00000000c3c00000)
  object space 21504K, 80% used [0x00000000bea00000,0x00000000bfad4410,0x00000000bff00000)
Event: 2.658 GC heap after
Heap after GC invocations=2 (full 0):
 PSYoungGen      total 34304K, used 2530K [0x00000000ebe80000, 0x00000000ee280000, 0x0000000100000000)
  eden space 31744K, 0% used [0x00000000ebe80000,0x00000000ebe80000,0x00000000edd80000)
  from space 2560K, 98% used [0x00000000ee000000,0x00000000ee2788b0,0x00000000ee280000)
  to   space 2560K, 0% used [0x00000000edd80000,0x00000000edd80000,0x00000000ee000000)
 ParOldGen       total 40960K, used 5447K [0x00000000c3c00000, 0x00000000c6400000, 0x00000000ebe80000)
  object space 40960K, 13% used [0x00000000c3c00000,0x00000000c4151e88,0x00000000c6400000)
 PSPermGen       total 21504K, used 17233K [0x00000000bea00000, 0x00000000bff00000, 0x00000000c3c00000)
  object space 21504K, 80% used [0x00000000bea00000,0x00000000bfad4410,0x00000000bff00000)
}
Event: 3.884 GC heap before
{Heap before GC invocations=3 (full 0):
 PSYoungGen      total 34304K, used 34274K [0x00000000ebe80000, 0x00000000ee280000, 0x0000000100000000)
  eden space 31744K, 100% used [0x00000000ebe80000,0x00000000edd80000,0x00000000edd80000)
  from space 2560K, 98% used [0x00000000ee000000,0x00000000ee2788b0,0x00000000ee280000)
  to   space 2560K, 0% used [0x00000000edd80000,0x00000000edd80000,0x00000000ee000000)
 ParOldGen       total 40960K, used 5447K [0x00000000c3c00000, 0x00000000c6400000, 0x00000000ebe80000)
  object space 40960K, 13% used [0x00000000c3c00000,0x00000000c4151e88,0x00000000c6400000)
 PSPermGen       total 21504K, used 17245K [0x00000000bea00000, 0x00000000bff00000, 0x00000000c3c00000)
  object space 21504K, 80% used [0x00000000bea00000,0x00000000bfad7620,0x00000000bff00000)
Event: 3.912 GC heap after
Heap after GC invocations=3 (full 0):
 PSYoungGen      total 34304K, used 2530K [0x00000000ebe80000, 0x00000000f0180000, 0x0000000100000000)
  eden space 31744K, 0% used [0x00000000ebe80000,0x00000000ebe80000,0x00000000edd80000)
  from space 2560K, 98% used [0x00000000edd80000,0x00000000edff88b0,0x00000000ee000000)
  to   space 2560K, 0% used [0x00000000eff00000,0x00000000eff00000,0x00000000f0180000)
 ParOldGen       total 40960K, used 20828K [0x00000000c3c00000, 0x00000000c6400000, 0x00000000ebe80000)
  object space 40960K, 50% used [0x00000000c3c00000,0x00000000c5057148,0x00000000c6400000)
 PSPermGen       total 21504K, used 17245K [0x00000000bea00000, 0x00000000bff00000, 0x00000000c3c00000)
  object space 21504K, 80% used [0x00000000bea00000,0x00000000bfad7620,0x00000000bff00000)
}
Event: 4.366 GC heap before
{Heap before GC invocations=4 (full 0):
 PSYoungGen      total 34304K, used 34055K [0x00000000ebe80000, 0x00000000f0180000, 0x0000000100000000)
  eden space 31744K, 99% used [0x00000000ebe80000,0x00000000edd495a0,0x00000000edd80000)
  from space 2560K, 98% used [0x00000000edd80000,0x00000000edff88b0,0x00000000ee000000)
  to   space 2560K, 0% used [0x00000000eff00000,0x00000000eff00000,0x00000000f0180000)
 ParOldGen       total 40960K, used 20828K [0x00000000c3c00000, 0x00000000c6400000, 0x00000000ebe80000)
  object space 40960K, 50% used [0x00000000c3c00000,0x00000000c5057148,0x00000000c6400000)
 PSPermGen       total 21504K, used 17301K [0x00000000bea00000, 0x00000000bff00000, 0x00000000c3c00000)
  object space 21504K, 80% used [0x00000000bea00000,0x00000000bfae56c0,0x00000000bff00000)
Event: 4.390 GC heap after
Heap after GC invocations=4 (full 0):
 PSYoungGen      total 66048K, used 2530K [0x00000000ebe80000, 0x00000000f0180000, 0x0000000100000000)
  eden space 63488K, 0% used [0x00000000ebe80000,0x00000000ebe80000,0x00000000efc80000)
  from space 2560K, 98% used [0x00000000eff00000,0x00000000f0178890,0x00000000f0180000)
  to   space 2560K, 0% used [0x00000000efc80000,0x00000000efc80000,0x00000000eff00000)
 ParOldGen       total 40960K, used 32992K [0x00000000c3c00000, 0x00000000c6400000, 0x00000000ebe80000)
  object space 40960K, 80% used [0x00000000c3c00000,0x00000000c5c38338,0x00000000c6400000)
 PSPermGen       total 21504K, used 17301K [0x00000000bea00000, 0x00000000bff00000, 0x00000000c3c00000)
  object space 21504K, 80% used [0x00000000bea00000,0x00000000bfae56c0,0x00000000bff00000)
}
Event: 4.390 GC heap before
{Heap before GC invocations=5 (full 1):
 PSYoungGen      total 66048K, used 2530K [0x00000000ebe80000, 0x00000000f0180000, 0x0000000100000000)
  eden space 63488K, 0% used [0x00000000ebe80000,0x00000000ebe80000,0x00000000efc80000)
  from space 2560K, 98% used [0x00000000eff00000,0x00000000f0178890,0x00000000f0180000)
  to   space 2560K, 0% used [0x00000000efc80000,0x00000000efc80000,0x00000000eff00000)
 ParOldGen       total 40960K, used 32992K [0x00000000c3c00000, 0x00000000c6400000, 0x00000000ebe80000)
  object space 40960K, 80% used [0x00000000c3c00000,0x00000000c5c38338,0x00000000c6400000)
 PSPermGen       total 21504K, used 17301K [0x00000000bea00000, 0x00000000bff00000, 0x00000000c3c00000)
  object space 21504K, 80% used [0x00000000bea00000,0x00000000bfae56c0,0x00000000bff00000)
Event: 4.498 GC heap after
Heap after GC invocations=5 (full 1):
 PSYoungGen      total 66048K, used 0K [0x00000000ebe80000, 0x00000000f0180000, 0x0000000100000000)
  eden space 63488K, 0% used [0x00000000ebe80000,0x00000000ebe80000,0x00000000efc80000)
  from space 2560K, 0% used [0x00000000eff00000,0x00000000eff00000,0x00000000f0180000)
  to   space 2560K, 0% used [0x00000000efc80000,0x00000000efc80000,0x00000000eff00000)
 ParOldGen       total 61952K, used 20207K [0x00000000c3c00000, 0x00000000c7880000, 0x00000000ebe80000)
  object space 61952K, 32% used [0x00000000c3c00000,0x00000000c4fbbdb0,0x00000000c7880000)
 PSPermGen       total 34816K, used 17297K [0x00000000bea00000, 0x00000000c0c00000, 0x00000000c3c00000)
  object space 34816K, 49% used [0x00000000bea00000,0x00000000bfae4558,0x00000000c0c00000)
}
Event: 6.089 GC heap before
{Heap before GC invocations=6 (full 1):
 PSYoungGen      total 66048K, used 63488K [0x00000000ebe80000, 0x00000000f0180000, 0x0000000100000000)
  eden space 63488K, 100% used [0x00000000ebe80000,0x00000000efc80000,0x00000000efc80000)
  from space 2560K, 0% used [0x00000000eff00000,0x00000000eff00000,0x00000000f0180000)
  to   space 2560K, 0% used [0x00000000efc80000,0x00000000efc80000,0x00000000eff00000)
 ParOldGen       total 61952K, used 20207K [0x00000000c3c00000, 0x00000000c7880000, 0x00000000ebe80000)
  object space 61952K, 32% used [0x00000000c3c00000,0x00000000c4fbbdb0,0x00000000c7880000)
 PSPermGen       total 34816K, used 20578K [0x00000000bea00000, 0x00000000c0c00000, 0x00000000c3c00000)
  object space 34816K, 59% used [0x00000000bea00000,0x00000000bfe189e8,0x00000000c0c00000)
Event: 6.105 GC heap after
Heap after GC invocations=6 (full 1):
 PSYoungGen      total 66048K, used 2560K [0x00000000ebe80000, 0x00000000f4b80000, 0x0000000100000000)
  eden space 63488K, 0% used [0x00000000ebe80000,0x00000000ebe80000,0x00000000efc80000)
  from space 2560K, 100% used [0x00000000efc80000,0x00000000eff00000,0x00000000eff00000)
  to   space 24064K, 0% used [0x00000000f3400000,0x00000000f3400000,0x00000000f4b80000)
 ParOldGen       total 61952K, used 35763K [0x00000000c3c00000, 0x00000000c7880000, 0x00000000ebe80000)
  object space 61952K, 57% used [0x00000000c3c00000,0x00000000c5eecde0,0x00000000c7880000)
 PSPermGen       total 34816K, used 20578K [0x00000000bea00000, 0x00000000c0c00000, 0x00000000c3c00000)
  object space 34816K, 59% used [0x00000000bea00000,0x00000000bfe189e8,0x00000000c0c00000)
}

